{
  "RSpec": {
    "coverage": {
      "/Users/dominicpadula/turing/Mod3/projects/rails-engine/app/models/item.rb": {
        "lines": [
          1,
          1,
          1,
          1,
          1,
          1,
          1,
          1,
          null
        ]
      },
      "/Users/dominicpadula/turing/Mod3/projects/rails-engine/app/models/application_record.rb": {
        "lines": [
          1,
          1,
          null,
          1,
          0,
          0,
          null,
          0,
          null,
          null,
          1,
          0,
          null,
          null
        ]
      },
      "/Users/dominicpadula/turing/Mod3/projects/rails-engine/app/models/merchant.rb": {
        "lines": [
          1,
          1,
          null,
          1,
          1,
          1,
          1,
          1,
          null,
          null
        ]
      },
      "/Users/dominicpadula/turing/Mod3/projects/rails-engine/app/controllers/api/v1/items_controller.rb": {
        "lines": [
          1,
          null,
          1,
          0,
          0,
          null,
          null,
          1,
          0,
          0,
          null,
          null,
          1,
          0,
          0,
          null,
          null,
          1,
          1,
          1,
          1,
          null,
          null,
          null,
          1,
          1,
          1,
          null,
          null
        ]
      },
      "/Users/dominicpadula/turing/Mod3/projects/rails-engine/app/controllers/application_controller.rb": {
        "lines": [
          1,
          1,
          1,
          1,
          null,
          1,
          0,
          null,
          null,
          1,
          0,
          null,
          null
        ]
      },
      "/Users/dominicpadula/turing/Mod3/projects/rails-engine/app/serializers/item_serializer.rb": {
        "lines": [
          1,
          1,
          1,
          null
        ]
      },
      "/Users/dominicpadula/turing/Mod3/projects/rails-engine/app/models/invoice.rb": {
        "lines": [
          0,
          0,
          0,
          0,
          0,
          0,
          null,
          null,
          0,
          0
        ],
        "branches": {
        }
      },
      "/Users/dominicpadula/turing/Mod3/projects/rails-engine/app/models/customer.rb": {
        "lines": [
          0,
          0,
          0,
          0,
          0,
          0,
          null,
          0,
          null,
          0
        ],
        "branches": {
        }
      },
      "/Users/dominicpadula/turing/Mod3/projects/rails-engine/app/models/invoice_item.rb": {
        "lines": [
          0,
          0,
          0,
          0,
          0,
          0,
          0,
          null,
          0,
          0
        ],
        "branches": {
        }
      },
      "/Users/dominicpadula/turing/Mod3/projects/rails-engine/app/models/transaction.rb": {
        "lines": [
          0,
          0,
          null,
          0
        ],
        "branches": {
        }
      },
      "/Users/dominicpadula/turing/Mod3/projects/rails-engine/app/serializers/merchant_serializer.rb": {
        "lines": [
          0,
          0,
          0,
          0
        ],
        "branches": {
        }
      },
      "/Users/dominicpadula/turing/Mod3/projects/rails-engine/app/controllers/api/v1/merchants_controller.rb": {
        "lines": [
          0,
          null,
          0,
          0,
          0,
          0,
          null,
          0,
          0,
          0,
          0,
          0
        ],
        "branches": {
        }
      },
      "/Users/dominicpadula/turing/Mod3/projects/rails-engine/app/controllers/api/v1/merchantitems_controller.rb": {
        "lines": [
          0,
          null,
          0,
          0,
          0,
          0,
          0
        ],
        "branches": {
        }
      }
    },
    "timestamp": 1617634328
  }
}
