{
  "RSpec": {
    "coverage": {
      "/Users/dominicpadula/turing/Mod3/projects/rails-engine/app/models/customer.rb": {
        "lines": [
          1,
          1,
          1,
          1,
          1,
          1,
          null,
          1,
          null,
          null
        ]
      },
      "/Users/dominicpadula/turing/Mod3/projects/rails-engine/app/models/application_record.rb": {
        "lines": [
          1,
          1,
          null,
          1,
          4,
          4,
          4,
          null,
          null
        ]
      },
      "/Users/dominicpadula/turing/Mod3/projects/rails-engine/app/models/invoice_item.rb": {
        "lines": [
          1,
          1,
          1,
          1,
          1,
          1,
          1,
          null,
          1,
          null
        ]
      },
      "/Users/dominicpadula/turing/Mod3/projects/rails-engine/app/models/invoice.rb": {
        "lines": [
          1,
          1,
          1,
          1,
          1,
          1,
          null,
          null,
          1,
          null
        ]
      },
      "/Users/dominicpadula/turing/Mod3/projects/rails-engine/app/models/item.rb": {
        "lines": [
          1,
          1,
          1,
          1,
          1,
          1,
          1,
          1,
          null
        ]
      },
      "/Users/dominicpadula/turing/Mod3/projects/rails-engine/app/models/merchant.rb": {
        "lines": [
          1,
          1,
          null,
          1,
          1,
          1,
          1,
          1,
          null,
          null
        ]
      },
      "/Users/dominicpadula/turing/Mod3/projects/rails-engine/app/models/transaction.rb": {
        "lines": [
          1,
          1,
          null,
          null
        ]
      },
      "/Users/dominicpadula/turing/Mod3/projects/rails-engine/app/controllers/api/v1/merchants_controller.rb": {
        "lines": [
          1,
          null,
          1,
          4,
          4,
          null,
          null
        ]
      },
      "/Users/dominicpadula/turing/Mod3/projects/rails-engine/app/controllers/application_controller.rb": {
        "lines": [
          1,
          null
        ]
      },
      "/Users/dominicpadula/turing/Mod3/projects/rails-engine/app/serializers/merchant_serializer.rb": {
        "lines": [
          1,
          1,
          1,
          null
        ]
      }
    },
    "timestamp": 1617403098
  }
}
